Start testing: Feb 11 14:18 CET
----------------------------------------------------------
1/1 Testing: DSPPSG_test
1/1 Test: DSPPSG_test
Command: "/home/a/git/DSP-Playground/build/test/DSPPSG_test"
Directory: /home/a/git/DSP-Playground/build/test
"DSPPSG_test" start time: Feb 11 14:18 CET
Output:
----------------------------------------------------------
14:18:30 ERROR /home/a/git/DSP-Playground/src/Signals.c:21: DSPPG__Signals__Signal_Int32__Init_prealloc 14
/home/a/git/DSP-Playground/test/testfunctions.c:27:test__DSPPG__Signals__Signal_Int32__Init_prealloc:PASS

-----------------------
1 Tests 0 Failures 0 Ignored 
OK
<end of output>
Test time =   0.00 sec
----------------------------------------------------------
Test Passed.
"DSPPSG_test" end time: Feb 11 14:18 CET
"DSPPSG_test" time elapsed: 00:00:00
----------------------------------------------------------

End testing: Feb 11 14:18 CET
